[2015-04-07 11:50:40,679][DEBUG][com.ning.http.client.providers.netty.NettyAsyncHttpProvider] Number of application's worker threads is 16
[2015-04-07 11:50:40,748][DEBUG][com.ning.http.client.providers.netty.NettyAsyncHttpProvider] 
Non cached request 
DefaultHttpRequest(chunked: false)
GET /common.do?method=getLottoNumber HTTP/1.1
Host: www.nlotto.co.kr
Connection: keep-alive
Accept: */*
User-Agent: http.async.client/0.5.2

using Channel 
[id: 0x0edebef9]

[2015-04-07 11:50:40,765][DEBUG][com.ning.http.client.providers.netty.NettyAsyncHttpProvider] 

Request DefaultHttpRequest(chunked: false)
GET /common.do?method=getLottoNumber HTTP/1.1
Host: www.nlotto.co.kr
Connection: keep-alive
Accept: */*
User-Agent: http.async.client/0.5.2

Response DefaultHttpResponse(chunked: true)
HTTP/1.1 200 OK
Date: Tue, 07 Apr 2015 02:50:40 GMT
Content-Type: text/html; charset=euc-kr
Connection: Keep-Alive
Set-Cookie: WMONID=jte4u9-XGEe;Expires=Wed, 06-Apr-2016 02:50:40 GMT;Path=/
Set-Cookie: JSESSIONID=1fu8LEi6tDH5KjXaPgoAgxcNTIe81qVQbWgvjPRI7hLFxt4k673lgtIEqhJP3qCJ.PECISSUESELL01_servlet_engine1;Path=/
Transfer-Encoding: chunked

[2015-04-07 11:50:40,768][DEBUG][com.ning.http.client.providers.netty.NettyConnectionsPool] Adding uri: http://www.nlotto.co.kr:80 for channel [id: 0x0edebef9, /172.30.7.123:43253 => www.nlotto.co.kr/112.175.90.160:80]
